2025-02-03 19:00:07,886 INFO o.a.j.u.JMeterUtils: Setting Locale to en_EN
2025-02-03 19:00:07,904 INFO o.a.j.JMeter: Loading user properties from: D:\Software Teknik\apache-jmeter-5.5\apache-jmeter-5.5\bin\user.properties
2025-02-03 19:00:07,904 INFO o.a.j.JMeter: Loading system properties from: D:\Software Teknik\apache-jmeter-5.5\apache-jmeter-5.5\bin\system.properties
2025-02-03 19:00:07,910 INFO o.a.j.JMeter: Copyright (c) 1998-2022 The Apache Software Foundation
2025-02-03 19:00:07,910 INFO o.a.j.JMeter: Version 5.5
2025-02-03 19:00:07,910 INFO o.a.j.JMeter: java.version=11.0.16
2025-02-03 19:00:07,910 INFO o.a.j.JMeter: java.vm.name=Java HotSpot(TM) 64-Bit Server VM
2025-02-03 19:00:07,910 INFO o.a.j.JMeter: os.name=Windows 11
2025-02-03 19:00:07,910 INFO o.a.j.JMeter: os.arch=amd64
2025-02-03 19:00:07,910 INFO o.a.j.JMeter: os.version=10.0
2025-02-03 19:00:07,910 INFO o.a.j.JMeter: file.encoding=Cp1252
2025-02-03 19:00:07,910 INFO o.a.j.JMeter: java.awt.headless=true
2025-02-03 19:00:07,910 INFO o.a.j.JMeter: Max memory     =1073741824
2025-02-03 19:00:07,910 INFO o.a.j.JMeter: Available Processors =4
2025-02-03 19:00:07,918 INFO o.a.j.JMeter: Default Locale=English (EN)
2025-02-03 19:00:07,918 INFO o.a.j.JMeter: JMeter  Locale=English (EN)
2025-02-03 19:00:07,918 INFO o.a.j.JMeter: JMeterHome=D:\Software Teknik\apache-jmeter-5.5\apache-jmeter-5.5
2025-02-03 19:00:07,918 INFO o.a.j.JMeter: user.dir  =D:\Ra\Sanbercode\Jmeter - quiz
2025-02-03 19:00:07,918 INFO o.a.j.JMeter: PWD       =D:\Ra\Sanbercode\Jmeter - quiz
2025-02-03 19:00:07,918 INFO o.a.j.JMeter: IP: 192.168.0.106 Name: JustR FullName: JustR
2025-02-03 19:00:07,939 INFO o.a.j.JMeter: Setting property 'jmeter.reportgenerator.outputdir' to:'D:\Ra\Sanbercode\Jmeter - quiz\LoadTestGraphReport'
2025-02-03 19:00:07,944 INFO o.a.j.r.d.ReportGenerator: ReportGenerator will use for Parsing the separator: ','
2025-02-03 19:00:07,944 INFO o.a.j.r.d.ReportGenerator: Will only generate report from results file: loadTest-Graphreport.jtl
2025-02-03 19:00:07,944 INFO o.a.j.r.d.ReportGenerator: Reading report generator properties from: D:\Software Teknik\apache-jmeter-5.5\apache-jmeter-5.5\bin\reportgenerator.properties
2025-02-03 19:00:07,944 INFO o.a.j.r.d.ReportGenerator: Merging with JMeter properties
2025-02-03 19:00:07,944 INFO o.a.j.r.c.ReportGeneratorConfiguration: Property 'jmeter.reportgenerator.temp_dir' not found, using default value 'temp' instead.
2025-02-03 19:00:07,951 INFO o.a.j.r.c.ReportGeneratorConfiguration: Property 'jmeter.reportgenerator.apdex_per_transaction' not found, using default value 'null' instead.
2025-02-03 19:00:07,954 INFO o.a.j.r.c.ReportGeneratorConfiguration: apdex_per_transaction is empty, not APDEX per transaction customization
2025-02-03 19:00:07,954 INFO o.a.j.r.c.ReportGeneratorConfiguration: Property 'jmeter.reportgenerator.sample_filter' not found, using default value 'null' instead.
2025-02-03 19:00:07,954 INFO o.a.j.r.c.ReportGeneratorConfiguration: Property 'jmeter.reportgenerator.report_title' not found, using default value 'null' instead.
2025-02-03 19:00:07,954 INFO o.a.j.r.c.ReportGeneratorConfiguration: Property 'jmeter.reportgenerator.start_date' not found, using default value 'null' instead.
2025-02-03 19:00:07,954 INFO o.a.j.r.c.ReportGeneratorConfiguration: Property 'jmeter.reportgenerator.end_date' not found, using default value 'null' instead.
2025-02-03 19:00:07,954 INFO o.a.j.r.c.ReportGeneratorConfiguration: Property 'jmeter.reportgenerator.date_format' not found, using default value 'null' instead.
2025-02-03 19:00:07,960 INFO o.a.j.r.c.ReportGeneratorConfiguration: Will use date range start date: null, end date: null
2025-02-03 19:00:07,960 INFO o.a.j.r.c.ReportGeneratorConfiguration: Property 'jmeter.reportgenerator.graph.totalTPS.exclude_controllers' not found, using default value 'false' instead.
2025-02-03 19:00:07,960 INFO o.a.j.r.c.ReportGeneratorConfiguration: Property 'jmeter.reportgenerator.graph.activeThreadsOverTime.exclude_controllers' not found, using default value 'false' instead.
2025-02-03 19:00:07,964 INFO o.a.j.r.c.ReportGeneratorConfiguration: Property 'jmeter.reportgenerator.graph.timeVsThreads.exclude_controllers' not found, using default value 'false' instead.
2025-02-03 19:00:07,964 INFO o.a.j.r.c.ReportGeneratorConfiguration: Property 'jmeter.reportgenerator.graph.responseTimeDistribution.exclude_controllers' not found, using default value 'false' instead.
2025-02-03 19:00:07,964 INFO o.a.j.r.c.ReportGeneratorConfiguration: Property 'jmeter.reportgenerator.graph.transactionsPerSecond.exclude_controllers' not found, using default value 'false' instead.
2025-02-03 19:00:07,964 INFO o.a.j.r.c.ReportGeneratorConfiguration: Property 'jmeter.reportgenerator.graph.responseTimePercentiles.exclude_controllers' not found, using default value 'false' instead.
2025-02-03 19:00:07,964 INFO o.a.j.r.c.ReportGeneratorConfiguration: Property 'jmeter.reportgenerator.graph.responseTimePercentilesOverTime.exclude_controllers' not found, using default value 'false' instead.
2025-02-03 19:00:07,964 INFO o.a.j.r.c.ReportGeneratorConfiguration: Property 'jmeter.reportgenerator.graph.responseTimesOverTime.exclude_controllers' not found, using default value 'false' instead.
2025-02-03 19:00:07,966 INFO o.a.j.r.c.ReportGeneratorConfiguration: Property 'jmeter.reportgenerator.graph.connectTimeOverTime.exclude_controllers' not found, using default value 'false' instead.
2025-02-03 19:00:07,966 INFO o.a.j.r.c.ReportGeneratorConfiguration: Property 'jmeter.reportgenerator.graph.latenciesOverTime.exclude_controllers' not found, using default value 'false' instead.
2025-02-03 19:00:07,967 INFO o.a.j.r.c.ReportGeneratorConfiguration: Property 'jmeter.reportgenerator.exporter.json.filters_only_sample_series' not found, using default value 'true' instead.
2025-02-03 19:00:07,967 INFO o.a.j.r.c.ReportGeneratorConfiguration: Property 'jmeter.reportgenerator.exporter.json.series_filter' not found, using default value '' instead.
2025-02-03 19:00:07,967 INFO o.a.j.r.c.ReportGeneratorConfiguration: Property 'jmeter.reportgenerator.exporter.json.show_controllers_only' not found, using default value 'false' instead.
2025-02-03 19:00:07,968 INFO o.a.j.r.c.ReportGeneratorConfiguration: Property 'jmeter.reportgenerator.exporter.html.filters_only_sample_series' not found, using default value 'true' instead.
2025-02-03 19:00:07,968 INFO o.a.j.r.c.ReportGeneratorConfiguration: Property 'jmeter.reportgenerator.exporter.html.series_filter' not found, using default value '' instead.
2025-02-03 19:00:07,968 INFO o.a.j.r.c.ReportGeneratorConfiguration: Property 'jmeter.reportgenerator.exporter.html.show_controllers_only' not found, using default value 'false' instead.
2025-02-03 19:00:08,149 INFO o.a.j.s.SaveService: Testplan (JMX) version: 2.2. Testlog (JTL) version: 2.2
2025-02-03 19:00:08,165 INFO o.a.j.s.SaveService: Using SaveService properties version 5.0
2025-02-03 19:00:08,167 INFO o.a.j.s.SaveService: Using SaveService properties file encoding UTF-8
2025-02-03 19:00:08,197 INFO o.a.j.r.p.NormalizerSampleConsumer: Using format, 'ms', to parse timeStamp field
2025-02-03 19:00:08,572 INFO o.a.j.r.p.AbstractSampleConsumer: class org.apache.jmeter.report.processor.AggregateConsumer#stopProducing(): beginDate produced 0 samples
2025-02-03 19:00:08,572 INFO o.a.j.r.p.AbstractSampleConsumer: class org.apache.jmeter.report.processor.AggregateConsumer#stopProducing(): endDate produced 0 samples
2025-02-03 19:00:08,574 INFO o.a.j.r.p.AbstractSampleConsumer: class org.apache.jmeter.report.processor.ApdexSummaryConsumer#stopProducing(): apdexSummary produced 0 samples
2025-02-03 19:00:08,574 INFO o.a.j.r.p.AbstractSampleConsumer: class org.apache.jmeter.report.processor.RequestsSummaryConsumer#stopProducing(): requestsSummary produced 0 samples
2025-02-03 19:00:08,580 INFO o.a.j.r.p.AbstractSampleConsumer: class org.apache.jmeter.report.processor.StatisticsSummaryConsumer#stopProducing(): statisticsSummary produced 0 samples
2025-02-03 19:00:08,588 INFO o.a.j.r.p.AbstractSampleConsumer: class org.apache.jmeter.report.processor.Top5ErrorsBySamplerConsumer#stopProducing(): top5ErrorsBySampler produced 0 samples
2025-02-03 19:00:08,588 INFO o.a.j.r.p.AbstractSampleConsumer: class org.apache.jmeter.report.processor.ErrorsSummaryConsumer#stopProducing(): errorsSummary produced 0 samples
2025-02-03 19:00:08,588 INFO o.a.j.r.p.AbstractSampleConsumer: class org.apache.jmeter.report.processor.graph.impl.HitsPerSecondGraphConsumer#stopProducing(): hitsPerSecond produced 0 samples
2025-02-03 19:00:08,649 INFO o.a.j.r.p.AbstractSampleConsumer: class org.apache.jmeter.report.processor.graph.impl.LatencyVSRequestGraphConsumer#stopProducing(): latencyVsRequest produced 0 samples
2025-02-03 19:00:08,649 INFO o.a.j.r.p.AbstractSampleConsumer: class org.apache.jmeter.report.processor.graph.impl.SyntheticResponseTimeDistributionGraphConsumer#stopProducing(): syntheticResponseTimeDistribution produced 0 samples
2025-02-03 19:00:08,652 INFO o.a.j.r.p.AbstractSampleConsumer: class org.apache.jmeter.report.processor.graph.impl.BytesThroughputGraphConsumer#stopProducing(): bytesThroughputOverTime produced 0 samples
2025-02-03 19:00:08,652 INFO o.a.j.r.p.AbstractSampleConsumer: class org.apache.jmeter.report.processor.graph.impl.CodesPerSecondGraphConsumer#stopProducing(): codesPerSecond produced 0 samples
2025-02-03 19:00:08,786 INFO o.a.j.r.p.AbstractSampleConsumer: class org.apache.jmeter.report.processor.graph.impl.ResponseTimeVSRequestGraphConsumer#stopProducing(): responseTimeVsRequest produced 0 samples
2025-02-03 19:00:08,790 INFO o.a.j.r.p.AbstractSampleConsumer: class org.apache.jmeter.report.processor.FilterConsumer#stopProducing(): startIntervalControlerFilter produced 3794 samples
2025-02-03 19:00:08,790 INFO o.a.j.r.p.AbstractSampleConsumer: class org.apache.jmeter.report.processor.graph.impl.TotalTPSGraphConsumer#stopProducing(): totalTPS produced 0 samples
2025-02-03 19:00:08,790 INFO o.a.j.r.p.AbstractSampleConsumer: class org.apache.jmeter.report.processor.graph.impl.ActiveThreadsGraphConsumer#stopProducing(): activeThreadsOverTime produced 0 samples
2025-02-03 19:00:08,791 INFO o.a.j.r.p.AbstractSampleConsumer: class org.apache.jmeter.report.processor.graph.impl.TimeVSThreadGraphConsumer#stopProducing(): timeVsThreads produced 0 samples
2025-02-03 19:00:08,797 INFO o.a.j.r.p.AbstractSampleConsumer: class org.apache.jmeter.report.processor.graph.impl.ResponseTimeDistributionGraphConsumer#stopProducing(): responseTimeDistribution produced 0 samples
2025-02-03 19:00:08,799 INFO o.a.j.r.p.AbstractSampleConsumer: class org.apache.jmeter.report.processor.graph.impl.TransactionsPerSecondGraphConsumer#stopProducing(): transactionsPerSecond produced 0 samples
2025-02-03 19:00:08,799 INFO o.a.j.r.p.AbstractSampleConsumer: class org.apache.jmeter.report.processor.graph.impl.ResponseTimePercentilesGraphConsumer#stopProducing(): responseTimePercentiles produced 0 samples
2025-02-03 19:00:08,820 INFO o.a.j.r.p.AbstractSampleConsumer: class org.apache.jmeter.report.processor.graph.impl.ResponseTimePercentilesOverTimeGraphConsumer#stopProducing(): responseTimePercentilesOverTime produced 0 samples
2025-02-03 19:00:08,820 INFO o.a.j.r.p.AbstractSampleConsumer: class org.apache.jmeter.report.processor.graph.impl.ResponseTimeOverTimeGraphConsumer#stopProducing(): responseTimesOverTime produced 0 samples
2025-02-03 19:00:08,823 INFO o.a.j.r.p.AbstractSampleConsumer: class org.apache.jmeter.report.processor.graph.impl.ConnectTimeOverTimeGraphConsumer#stopProducing(): connectTimeOverTime produced 0 samples
2025-02-03 19:00:08,823 INFO o.a.j.r.p.AbstractSampleConsumer: class org.apache.jmeter.report.processor.graph.impl.LatencyOverTimeGraphConsumer#stopProducing(): latenciesOverTime produced 0 samples
2025-02-03 19:00:08,824 INFO o.a.j.r.p.AbstractSampleConsumer: class org.apache.jmeter.report.processor.FilterConsumer#stopProducing(): nameFilter produced 15870 samples
2025-02-03 19:00:08,824 INFO o.a.j.r.p.AbstractSampleConsumer: class org.apache.jmeter.report.processor.FilterConsumer#stopProducing(): dateRangeFilter produced 3174 samples
2025-02-03 19:00:08,824 INFO o.a.j.r.p.AbstractSampleConsumer: class org.apache.jmeter.report.processor.NormalizerSampleConsumer#stopProducing(): normalizer produced 1058 samples
2025-02-03 19:00:08,824 INFO o.a.j.r.p.CsvFileSampleSource: produce(): 1058 samples produced in 594ms on channel 0
2025-02-03 19:00:08,824 INFO o.a.j.r.d.ReportGenerator: Exporting data using exporter:'json' of className:'org.apache.jmeter.report.dashboard.JsonExporter'
2025-02-03 19:00:08,986 INFO o.a.j.r.d.JsonExporter: Found data for consumer statisticsSummary in context
2025-02-03 19:00:08,986 INFO o.a.j.r.d.JsonExporter: Creating statistics for overall
2025-02-03 19:00:08,986 INFO o.a.j.r.d.JsonExporter: Creating statistics for other transactions
2025-02-03 19:00:08,986 INFO o.a.j.r.d.JsonExporter: Checking output folder
2025-02-03 19:00:08,986 INFO o.a.j.r.d.JsonExporter: Writing statistics JSON to D:\Ra\Sanbercode\Jmeter - quiz\LoadTestGraphReport\statistics.json
2025-02-03 19:00:09,047 INFO o.a.j.r.d.ReportGenerator: Exporting data using exporter:'html' of className:'org.apache.jmeter.report.dashboard.HtmlTemplateExporter'
2025-02-03 19:00:09,050 INFO o.a.j.r.d.HtmlTemplateExporter: Will generate dashboard in folder: D:\Ra\Sanbercode\Jmeter - quiz\LoadTestGraphReport
2025-02-03 19:00:09,375 INFO o.a.j.r.d.HtmlTemplateExporter: Report will be generated in: D:\Ra\Sanbercode\Jmeter - quiz\LoadTestGraphReport, creating folder structure
2025-02-03 19:00:09,379 INFO o.a.j.r.d.TemplateVisitor: Copying folder from 'D:\Software Teknik\apache-jmeter-5.5\apache-jmeter-5.5\bin\report-template' to 'D:\Ra\Sanbercode\Jmeter - quiz\LoadTestGraphReport', got message: D:\Ra\Sanbercode\Jmeter - quiz\LoadTestGraphReport, found non empty folder with following content [D:\Ra\Sanbercode\Jmeter - quiz\LoadTestGraphReport\statistics.json], will be ignored
